{"logTime": "0319/201910", "correlationVector":"SDoFIh5OKEsuvUyU1ArvYX.2","action":"GetUpdates", "result":"DeleteReceived", "context":{"id":"8ec3e878-3425-45f8-be87-0d7d2f78cbb0", "isDeleted:":"true", "version":"1708784342680"}}
{"logTime": "0319/201910", "correlationVector":"SDoFIh5OKEsuvUyU1ArvYX.3","action":"GetUpdates Response", "result":"SYNCER_OK", "context":Received 16 update(s). cV=SDoFIh5OKEsuvUyU1ArvYX.0;server=general0300003P;cloudType=Consumer;environment=Prod_WestEurope_000l;migrationStage=NotStarted}
{"logTime": "0319/201910", "correlationVector":"AKKjb+QYFPdRw0uyMxdEpY","action":"Normal GetUpdate request", "result":"", "context":cV=AKKjb+QYFPdRw0uyMxdEpY
Nudged types: Sessions
Refresh requested types: Bookmarks, Preferences, Passwords, Autofill Profiles, Autofill, Typed URLs, Extensions, Sessions, Extension settings, History Delete Directives, Device Info, User Consents, Send Tab To Self, Web Apps, Collection, Edge E Drop, Edge Hub App Usage, Edge Wallet, Encryption Keys}
{"logTime": "0319/201910", "correlationVector":"AKKjb+QYFPdRw0uyMxdEpY.1","action":"SyncServerConnectionManagerRequest", "result":"SYNC_SERVER_OK", "context":{"environment":"Prod_WestEurope_000l", "migrationStage":"NotStarted", "server":"general0300003P"}}
{"logTime": "0319/201910", "correlationVector":"AKKjb+QYFPdRw0uyMxdEpY.2","action":"GetUpdates", "result":"DeleteReceived", "context":{"id":"1a6832ea-7626-4d80-aa12-40a878992b94", "isDeleted:":"true", "version":"1710808123715"}}
{"logTime": "0319/201910", "correlationVector":"AKKjb+QYFPdRw0uyMxdEpY.3","action":"GetUpdates", "result":"DeleteReceived", "context":{"id":"28a80bbb-a112-46bc-8da2-1482a3b4c8ed", "isDeleted:":"true", "version":"1710877039064"}}
{"logTime": "0319/201910", "correlationVector":"AKKjb+QYFPdRw0uyMxdEpY.4","action":"GetUpdates", "result":"DeleteReceived", "context":{"id":"444080ff-b1ba-4555-aacc-8d8bd31b6318", "isDeleted:":"true", "version":"1710877047435"}}
{"logTime": "0319/201910", "correlationVector":"AKKjb+QYFPdRw0uyMxdEpY.5","action":"GetUpdates Response", "result":"SYNCER_OK", "context":Received 9 update(s). cV=AKKjb+QYFPdRw0uyMxdEpY.0;server=general0300003P;cloudType=Consumer;environment=Prod_WestEurope_000l;migrationStage=NotStarted}
{"logTime": "0319/201910", "correlationVector":"aOHbW0dM/52zROSlQbThH2","action":"Commit Request", "result":"", "context":Item count: 3
Contributing types: Sessions}
{"logTime": "0319/201910", "correlationVector":"aOHbW0dM/52zROSlQbThH2.1","action":"SyncServerConnectionManagerRequest", "result":"SYNC_SERVER_OK", "context":{"environment":"Prod_WestEurope_000l", "migrationStage":"NotStarted", "server":"GENERAL0100000H"}}
{"logTime": "0319/201910", "correlationVector":"aOHbW0dM/52zROSlQbThH2.2","action":"Commit Response", "result":"SYNCER_OK", "context":Result: SYNCER_OK. cV=aOHbW0dM/52zROSlQbThH2.0;server=GENERAL0100000H;cloudType=Consumer;environment=Prod_WestEurope_000l;migrationStage=NotStarted}
{"logTime": "0319/201910", "correlationVector":"aOHbW0dM/52zROSlQbThH2.3","action":"Commit.Sessions", "result":"Success", "context":{"id":"10572c62-97ae-4335-96bc-3d9f36d189b3", "isDeleted":"true", "size":"0", "version":"1710800177425"}}
{"logTime": "0319/201910", "correlationVector":"UvUJmP32CZVt4Xp9LClN3h","action":"Poll GetUpdate request", "result":"", "context":cV=UvUJmP32CZVt4Xp9LClN3h}
{"logTime": "0319/201910", "correlationVector":"UvUJmP32CZVt4Xp9LClN3h.1","action":"SyncServerConnectionManagerRequest", "result":"SYNC_SERVER_OK", "context":{"environment":"Prod_WestEurope_000l", "migrationStage":"NotStarted", "server":"GENERAL03000037"}}
{"logTime": "0319/201910", "correlationVector":"UvUJmP32CZVt4Xp9LClN3h.2","action":"GetUpdates", "result":"DeleteReceived", "context":{"id":"10572c62-97ae-4335-96bc-3d9f36d189b3", "isDeleted:":"true", "version":"1710879491589"}}
{"logTime": "0319/201910", "correlationVector":"UvUJmP32CZVt4Xp9LClN3h.3","action":"GetUpdates Response", "result":"SYNCER_OK", "context":Received 3 update(s). cV=UvUJmP32CZVt4Xp9LClN3h.0;server=GENERAL03000037;cloudType=Consumer;environment=Prod_WestEurope_000l;migrationStage=NotStarted}
{"logTime": "0319/201910", "correlationVector":"4z8sWFocbN+Hbhi9qpD3Dr","action":"SyncServerConnectionManagerRequest", "result":"SYNC_SERVER_OK", "context":{"environment":"", "migrationStage":"", "server":""}}
{"logTime": "0319/201910", "correlationVector":"WilzNTYfXlhQXo0FCcpH0L","action":"Normal GetUpdate request", "result":"", "context":cV=WilzNTYfXlhQXo0FCcpH0L
Nudged types: Sessions}
{"logTime": "0319/201910", "correlationVector":"WilzNTYfXlhQXo0FCcpH0L.1","action":"SyncServerConnectionManagerRequest", "result":"SYNC_SERVER_OK", "context":{"environment":"Prod_WestEurope_000l", "migrationStage":"NotStarted", "server":"GENERAL0100000A"}}
{"logTime": "0319/201910", "correlationVector":"WilzNTYfXlhQXo0FCcpH0L.2","action":"GetUpdates Response", "result":"SYNCER_OK", "context":Received 0 update(s). cV=WilzNTYfXlhQXo0FCcpH0L.0;server=GENERAL0100000A;cloudType=Consumer;environment=Prod_WestEurope_000l;migrationStage=NotStarted}
{"logTime": "0319/201910", "correlationVector":"8MMKo5Lnsw5NyQ8znl8Z1M","action":"Commit Request", "result":"", "context":Item count: 1
Contributing types: Sessions}
{"logTime": "0319/201910", "correlationVector":"8MMKo5Lnsw5NyQ8znl8Z1M.1","action":"SyncServerConnectionManagerRequest", "result":"SYNC_SERVER_OK", "context":{"environment":"Prod_WestEurope_000l", "migrationStage":"NotStarted", "server":"GENERAL01000014"}}
{"logTime": "0319/201910", "correlationVector":"8MMKo5Lnsw5NyQ8znl8Z1M.2","action":"Commit Response", "result":"SYNCER_OK", "context":Result: SYNCER_OK. cV=8MMKo5Lnsw5NyQ8znl8Z1M.0;server=GENERAL01000014;cloudType=Consumer;environment=Prod_WestEurope_000l;migrationStage=NotStarted}
{"logTime": "0319/201910", "correlationVector":"DhEXOU0fYRzIhx5Bj2fHXu","action":"Normal GetUpdate request", "result":"", "context":cV=DhEXOU0fYRzIhx5Bj2fHXu
Nudged types: Sessions
Refresh requested types: Bookmarks, Preferences, Passwords, Autofill Profiles, Autofill, Typed URLs, Extensions, Sessions, Extension settings, History Delete Directives, Device Info, User Consents, Send Tab To Self, Web Apps, Collection, Edge E Drop, Edge Hub App Usage, Edge Wallet, Encryption Keys}
{"logTime": "0319/201910", "correlationVector":"DhEXOU0fYRzIhx5Bj2fHXu.1","action":"SyncServerConnectionManagerRequest", "result":"SYNC_SERVER_OK", "context":{"environment":"Prod_WestEurope_000l", "migrationStage":"NotStarted", "server":"GENERAL0100000Q"}}
{"logTime": "0319/201910", "correlationVector":"DhEXOU0fYRzIhx5Bj2fHXu.2","action":"GetUpdates Response", "result":"SYNCER_OK", "context":Received 1 update(s). cV=DhEXOU0fYRzIhx5Bj2fHXu.0;server=GENERAL0100000Q;cloudType=Consumer;environment=Prod_WestEurope_000l;migrationStage=NotStarted}
{"logTime": "0319/202001", "correlationVector":"n61I4P/yaS5nKR7ZUtS3P3","action":"Commit Request", "result":"", "context":Item count: 2
Contributing types: Preferences, Sessions}
{"logTime": "0319/202001", "correlationVector":"n61I4P/yaS5nKR7ZUtS3P3.1","action":"SyncServerConnectionManagerRequest", "result":"SYNC_SERVER_OK", "context":{"environment":"Prod_WestEurope_000l", "migrationStage":"NotStarted", "server":"GENERAL03000038"}}
{"logTime": "0319/202001", "correlationVector":"n61I4P/yaS5nKR7ZUtS3P3.2","action":"Commit Response", "result":"SYNCER_OK", "context":Result: SYNCER_OK. cV=n61I4P/yaS5nKR7ZUtS3P3.0;server=GENERAL03000038;cloudType=Consumer;environment=Prod_WestEurope_000l;migrationStage=NotStarted}
{"logTime": "0319/202142", "correlationVector":"AXqaO28pK3yrvJlKPjRL7z.1","action":"SyncServerConnectionManagerRequest", "result":"SYNC_SERVER_OK", "context":{"environment":"Prod_WestEurope_000l", "migrationStage":"NotStarted", "server":"GENERAL03000011"}}
{"logTime": "0319/202142", "correlationVector":"AXqaO28pK3yrvJlKPjRL7z","action":"Initial GetUpdates", "result":"", "context":Reason: NEW_CLIENT. cV=AXqaO28pK3yrvJlKPjRL7z}
{"logTime": "0319/202142", "correlationVector":"AXqaO28pK3yrvJlKPjRL7z.2","action":"GetUpdates Response", "result":"SYNCER_OK", "context":Received 1 update(s). cV=AXqaO28pK3yrvJlKPjRL7z.0;server=GENERAL03000011;cloudType=Consumer;environment=Prod_WestEurope_000l;migrationStage=NotStarted}
{"logTime": "0319/202142", "correlationVector":"ovwFdkCEC5qnuC8xQ0qqpS","action":"Initial GetUpdates", "result":"", "context":Reason: NEWLY_SUPPORTED_DATATYPE. cV=ovwFdkCEC5qnuC8xQ0qqpS}
{"logTime": "0319/202142", "correlationVector":"ovwFdkCEC5qnuC8xQ0qqpS.1","action":"SyncServerConnectionManagerRequest", "result":"SYNC_SERVER_OK", "context":{"environment":"Prod_WestEurope_000l", "migrationStage":"NotStarted", "server":"GENERAL01000021"}}
{"logTime": "0319/202142", "correlationVector":"ovwFdkCEC5qnuC8xQ0qqpS.2","action":"GetUpdates", "result":"DeleteReceived", "context":{"id":"8ec3e878-3425-45f8-be87-0d7d2f78cbb0", "isDeleted:":"true", "version":"1708784342680"}}
{"logTime": "0319/202142", "correlationVector":"ovwFdkCEC5qnuC8xQ0qqpS.3","action":"GetUpdates Response", "result":"SYNCER_OK", "context":Received 16 update(s). cV=ovwFdkCEC5qnuC8xQ0qqpS.0;server=GENERAL01000021;cloudType=Consumer;environment=Prod_WestEurope_000l;migrationStage=NotStarted}
{"logTime": "0319/202142", "correlationVector":"hS9vKpf0HcUbrzJZ8VN0v+","action":"Normal GetUpdate request", "result":"", "context":cV=hS9vKpf0HcUbrzJZ8VN0v+
Nudged types: Sessions
Refresh requested types: Bookmarks, Preferences, Passwords, Autofill Profiles, Autofill, Typed URLs, Extensions, Sessions, Extension settings, History Delete Directives, Device Info, User Consents, Send Tab To Self, Web Apps, Collection, Edge E Drop, Edge Hub App Usage, Edge Wallet, Encryption Keys}
{"logTime": "0319/202142", "correlationVector":"hS9vKpf0HcUbrzJZ8VN0v+.1","action":"SyncServerConnectionManagerRequest", "result":"SYNC_SERVER_OK", "context":{"environment":"Prod_WestEurope_000l", "migrationStage":"NotStarted", "server":"general03000003"}}
{"logTime": "0319/202142", "correlationVector":"hS9vKpf0HcUbrzJZ8VN0v+.2","action":"GetUpdates Response", "result":"SYNCER_OK", "context":Received 2 update(s). cV=hS9vKpf0HcUbrzJZ8VN0v+.0;server=general03000003;cloudType=Consumer;environment=Prod_WestEurope_000l;migrationStage=NotStarted}
{"logTime": "0319/202142", "correlationVector":"6fouPBD/0Z9jao9sL8+UOI","action":"Commit Request", "result":"", "context":Item count: 3
Contributing types: Sessions}
{"logTime": "0319/202142", "correlationVector":"6fouPBD/0Z9jao9sL8+UOI.1","action":"SyncServerConnectionManagerRequest", "result":"SYNC_SERVER_OK", "context":{"environment":"Prod_WestEurope_000l", "migrationStage":"NotStarted", "server":"GENERAL01000005"}}
{"logTime": "0319/202142", "correlationVector":"6fouPBD/0Z9jao9sL8+UOI.3","action":"Commit.Sessions", "result":"Success", "context":{"id":"09204a55-5be3-4883-a142-1f7621a87c5a", "isDeleted":"true", "size":"0", "version":"1710879601747"}}
{"logTime": "0319/202142", "correlationVector":"6fouPBD/0Z9jao9sL8+UOI.2","action":"Commit Response", "result":"SYNCER_OK", "context":Result: SYNCER_OK. cV=6fouPBD/0Z9jao9sL8+UOI.0;server=GENERAL01000005;cloudType=Consumer;environment=Prod_WestEurope_000l;migrationStage=NotStarted}
{"logTime": "0319/202142", "correlationVector":"lZf6lP9kWnB3Yu9Vjwwihc","action":"SyncServerConnectionManagerRequest", "result":"SYNC_SERVER_OK", "context":{"environment":"", "migrationStage":"", "server":""}}
{"logTime": "0319/202142", "correlationVector":"kxz3HVYmJZ6iK6fz1wnEBZ","action":"Normal GetUpdate request", "result":"", "context":cV=kxz3HVYmJZ6iK6fz1wnEBZ
Nudged types: Sessions}
{"logTime": "0319/202142", "correlationVector":"kxz3HVYmJZ6iK6fz1wnEBZ.1","action":"SyncServerConnectionManagerRequest", "result":"SYNC_SERVER_OK", "context":{"environment":"Prod_WestEurope_000l", "migrationStage":"NotStarted", "server":"GENERAL01000004"}}
{"logTime": "0319/202142", "correlationVector":"kxz3HVYmJZ6iK6fz1wnEBZ.2","action":"GetUpdates", "result":"DeleteReceived", "context":{"id":"09204a55-5be3-4883-a142-1f7621a87c5a", "isDeleted:":"true", "version":"1710879642922"}}
{"logTime": "0319/202142", "correlationVector":"kxz3HVYmJZ6iK6fz1wnEBZ.3","action":"GetUpdates Response", "result":"SYNCER_OK", "context":Received 3 update(s). cV=kxz3HVYmJZ6iK6fz1wnEBZ.0;server=GENERAL01000004;cloudType=Consumer;environment=Prod_WestEurope_000l;migrationStage=NotStarted}
{"logTime": "0319/202142", "correlationVector":"Yo+0lDDkHIcYDWN5NAbNS+","action":"Commit Request", "result":"", "context":Item count: 1
Contributing types: Sessions}
{"logTime": "0319/202142", "correlationVector":"Yo+0lDDkHIcYDWN5NAbNS+.1","action":"SyncServerConnectionManagerRequest", "result":"SYNC_SERVER_OK", "context":{"environment":"Prod_WestEurope_000l", "migrationStage":"NotStarted", "server":"GENERAL01000015"}}
{"logTime": "0319/202142", "correlationVector":"Yo+0lDDkHIcYDWN5NAbNS+.2","action":"Commit Response", "result":"SYNCER_OK", "context":Result: SYNCER_OK. cV=Yo+0lDDkHIcYDWN5NAbNS+.0;server=GENERAL01000015;cloudType=Consumer;environment=Prod_WestEurope_000l;migrationStage=NotStarted}
{"logTime": "0319/202142", "correlationVector":"gqeYp3gO5VLYCIIR2X8dj/","action":"Normal GetUpdate request", "result":"", "context":cV=gqeYp3gO5VLYCIIR2X8dj/
Nudged types: Sessions
Refresh requested types: Bookmarks, Preferences, Passwords, Autofill Profiles, Autofill, Typed URLs, Extensions, Sessions, Extension settings, History Delete Directives, Device Info, User Consents, Send Tab To Self, Web Apps, Collection, Edge E Drop, Edge Hub App Usage, Edge Wallet, Encryption Keys}
{"logTime": "0319/202142", "correlationVector":"gqeYp3gO5VLYCIIR2X8dj/.1","action":"SyncServerConnectionManagerRequest", "result":"SYNC_SERVER_OK", "context":{"environment":"Prod_WestEurope_000l", "migrationStage":"NotStarted", "server":"GENERAL01000014"}}
{"logTime": "0319/202142", "correlationVector":"gqeYp3gO5VLYCIIR2X8dj/.2","action":"GetUpdates Response", "result":"SYNCER_OK", "context":Received 1 update(s). cV=gqeYp3gO5VLYCIIR2X8dj/.0;server=GENERAL01000014;cloudType=Consumer;environment=Prod_WestEurope_000l;migrationStage=NotStarted}
{"logTime": "0319/202209", "correlationVector":"s1gslAfDYMDHSmTrxnGqF/","action":"Commit Request", "result":"", "context":Item count: 1
Contributing types: Preferences}
{"logTime": "0319/202209", "correlationVector":"s1gslAfDYMDHSmTrxnGqF/.1","action":"SyncServerConnectionManagerRequest", "result":"SYNC_SERVER_OK", "context":{"environment":"Prod_WestEurope_x00e", "migrationStage":"NotStarted", "server":"GENERAL0100001X"}}
{"logTime": "0319/202209", "correlationVector":"s1gslAfDYMDHSmTrxnGqF/.2","action":"Commit Response", "result":"SYNCER_OK", "context":Result: SYNCER_OK. cV=s1gslAfDYMDHSmTrxnGqF/.0;server=GENERAL0100001X;cloudType=Consumer;environment=Prod_WestEurope_x00e;migrationStage=NotStarted}
{"logTime": "0319/202435", "correlationVector":"TrlfV76DRY5umAAbFp5PT6.1","action":"SyncServerConnectionManagerRequest", "result":"SYNC_SERVER_OK", "context":{"environment":"Prod_WestEurope_x00e", "migrationStage":"NotStarted", "server":"GENERAL0100000N"}}
{"logTime": "0319/202435", "correlationVector":"TrlfV76DRY5umAAbFp5PT6","action":"Initial GetUpdates", "result":"", "context":Reason: NEW_CLIENT. cV=TrlfV76DRY5umAAbFp5PT6}
{"logTime": "0319/202435", "correlationVector":"TrlfV76DRY5umAAbFp5PT6.2","action":"GetUpdates Response", "result":"SYNCER_OK", "context":Received 1 update(s). cV=TrlfV76DRY5umAAbFp5PT6.0;server=GENERAL0100000N;cloudType=Consumer;environment=Prod_WestEurope_x00e;migrationStage=NotStarted}
{"logTime": "0319/202435", "correlationVector":"dFY0lQ1zXQ1AB/TYeuGp5s","action":"Initial GetUpdates", "result":"", "context":Reason: NEWLY_SUPPORTED_DATATYPE. cV=dFY0lQ1zXQ1AB/TYeuGp5s}
{"logTime": "0319/202435", "correlationVector":"dFY0lQ1zXQ1AB/TYeuGp5s.1","action":"SyncServerConnectionManagerRequest", "result":"SYNC_SERVER_OK", "context":{"environment":"Prod_WestEurope_x00e", "migrationStage":"NotStarted", "server":"GENERAL01000004"}}
{"logTime": "0319/202435", "correlationVector":"dFY0lQ1zXQ1AB/TYeuGp5s.2","action":"GetUpdates", "result":"DeleteReceived", "context":{"id":"8ec3e878-3425-45f8-be87-0d7d2f78cbb0", "isDeleted:":"true", "version":"1708784342680"}}
{"logTime": "0319/202435", "correlationVector":"dFY0lQ1zXQ1AB/TYeuGp5s.3","action":"GetUpdates Response", "result":"SYNCER_OK", "context":Received 16 update(s). cV=dFY0lQ1zXQ1AB/TYeuGp5s.0;server=GENERAL01000004;cloudType=Consumer;environment=Prod_WestEurope_x00e;migrationStage=NotStarted}
{"logTime": "0319/202435", "correlationVector":"sJXECqNuhMwaMBoae0wTnj","action":"Normal GetUpdate request", "result":"", "context":cV=sJXECqNuhMwaMBoae0wTnj
Nudged types: Sessions
Refresh requested types: Bookmarks, Preferences, Passwords, Autofill Profiles, Autofill, Typed URLs, Extensions, Sessions, Extension settings, History Delete Directives, Device Info, User Consents, Send Tab To Self, Web Apps, Collection, Edge E Drop, Edge Hub App Usage, Edge Wallet, Encryption Keys}
{"logTime": "0319/202435", "correlationVector":"sJXECqNuhMwaMBoae0wTnj.1","action":"SyncServerConnectionManagerRequest", "result":"SYNC_SERVER_OK", "context":{"environment":"Prod_WestEurope_x00e", "migrationStage":"NotStarted", "server":"general02000015"}}
{"logTime": "0319/202435", "correlationVector":"sJXECqNuhMwaMBoae0wTnj.2","action":"GetUpdates Response", "result":"SYNCER_OK", "context":Received 1 update(s). cV=sJXECqNuhMwaMBoae0wTnj.0;server=general02000015;cloudType=Consumer;environment=Prod_WestEurope_x00e;migrationStage=NotStarted}
{"logTime": "0319/202435", "correlationVector":"PdiE5ToEBtj0C5hrKNjqR8","action":"Commit Request", "result":"", "context":Item count: 3
Contributing types: Sessions}
{"logTime": "0319/202435", "correlationVector":"PdiE5ToEBtj0C5hrKNjqR8.1","action":"SyncServerConnectionManagerRequest", "result":"SYNC_SERVER_OK", "context":{"environment":"Prod_WestEurope_x00e", "migrationStage":"NotStarted", "server":"GENERAL0100000A"}}
{"logTime": "0319/202435", "correlationVector":"PdiE5ToEBtj0C5hrKNjqR8.2","action":"Commit Response", "result":"SYNCER_OK", "context":Result: SYNCER_OK. cV=PdiE5ToEBtj0C5hrKNjqR8.0;server=GENERAL0100000A;cloudType=Consumer;environment=Prod_WestEurope_x00e;migrationStage=NotStarted}
{"logTime": "0319/202435", "correlationVector":"nm0k11k1XX6ceZmh4S5A8G","action":"SyncServerConnectionManagerRequest", "result":"SYNC_SERVER_OK", "context":{"environment":"", "migrationStage":"", "server":""}}
{"logTime": "0319/202435", "correlationVector":"kk5l0jm9ngDW2y0MFBmJnW","action":"Normal GetUpdate request", "result":"", "context":cV=kk5l0jm9ngDW2y0MFBmJnW
Nudged types: Sessions}
{"logTime": "0319/202435", "correlationVector":"kk5l0jm9ngDW2y0MFBmJnW.1","action":"SyncServerConnectionManagerRequest", "result":"SYNC_SERVER_OK", "context":{"environment":"Prod_WestEurope_x00e", "migrationStage":"NotStarted", "server":"GENERAL0100000Q"}}
{"logTime": "0319/202435", "correlationVector":"kk5l0jm9ngDW2y0MFBmJnW.2","action":"GetUpdates Response", "result":"SYNCER_OK", "context":Received 3 update(s). cV=kk5l0jm9ngDW2y0MFBmJnW.0;server=GENERAL0100000Q;cloudType=Consumer;environment=Prod_WestEurope_x00e;migrationStage=NotStarted}
{"logTime": "0319/202435", "correlationVector":"X4OBOgdpU0THfAPLHkPglU","action":"Commit Request", "result":"", "context":Item count: 2
Contributing types: Sessions}
{"logTime": "0319/202435", "correlationVector":"X4OBOgdpU0THfAPLHkPglU.1","action":"SyncServerConnectionManagerRequest", "result":"SYNC_SERVER_OK", "context":{"environment":"Prod_WestEurope_x00e", "migrationStage":"NotStarted", "server":"GENERAL0100000B"}}
{"logTime": "0319/202435", "correlationVector":"X4OBOgdpU0THfAPLHkPglU.3","action":"Commit.Sessions", "result":"Success", "context":{"id":"514ad1df-b96c-40e2-be40-431bea103e3d", "isDeleted":"true", "size":"0", "version":"1710879828271"}}
{"logTime": "0319/202435", "correlationVector":"X4OBOgdpU0THfAPLHkPglU.2","action":"Commit Response", "result":"SYNCER_OK", "context":Result: SYNCER_OK. cV=X4OBOgdpU0THfAPLHkPglU.0;server=GENERAL0100000B;cloudType=Consumer;environment=Prod_WestEurope_x00e;migrationStage=NotStarted}
{"logTime": "0319/202435", "correlationVector":"cds+V5aVjEiaQJ9ypAnJrp","action":"Normal GetUpdate request", "result":"", "context":cV=cds+V5aVjEiaQJ9ypAnJrp
Nudged types: Sessions
Refresh requested types: Bookmarks, Preferences, Passwords, Autofill Profiles, Autofill, Typed URLs, Extensions, Sessions, Extension settings, History Delete Directives, Device Info, User Consents, Send Tab To Self, Web Apps, Collection, Edge E Drop, Edge Hub App Usage, Edge Wallet, Encryption Keys}
{"logTime": "0319/202435", "correlationVector":"cds+V5aVjEiaQJ9ypAnJrp.1","action":"SyncServerConnectionManagerRequest", "result":"SYNC_SERVER_OK", "context":{"environment":"Prod_WestEurope_x00e", "migrationStage":"NotStarted", "server":"GENERAL0100000V"}}
{"logTime": "0319/202435", "correlationVector":"cds+V5aVjEiaQJ9ypAnJrp.2","action":"GetUpdates", "result":"DeleteReceived", "context":{"id":"514ad1df-b96c-40e2-be40-431bea103e3d", "isDeleted:":"true", "version":"1710879858877"}}
{"logTime": "0319/202435", "correlationVector":"cds+V5aVjEiaQJ9ypAnJrp.3","action":"GetUpdates Response", "result":"SYNCER_OK", "context":Received 2 update(s). cV=cds+V5aVjEiaQJ9ypAnJrp.0;server=GENERAL0100000V;cloudType=Consumer;environment=Prod_WestEurope_x00e;migrationStage=NotStarted}
{"logTime": "0319/202502", "correlationVector":"H8xRHwsfRI6jETJ1OKMCtT","action":"Commit Request", "result":"", "context":Item count: 3
Contributing types: Preferences}
{"logTime": "0319/202503", "correlationVector":"H8xRHwsfRI6jETJ1OKMCtT.1","action":"SyncServerConnectionManagerRequest", "result":"SYNC_SERVER_OK", "context":{"environment":"Prod_WestEurope_000l", "migrationStage":"NotStarted", "server":"GENERAL01000016"}}
{"logTime": "0319/202503", "correlationVector":"H8xRHwsfRI6jETJ1OKMCtT.2","action":"Commit Response", "result":"SYNCER_OK", "context":Result: SYNCER_OK. cV=H8xRHwsfRI6jETJ1OKMCtT.0;server=GENERAL01000016;cloudType=Consumer;environment=Prod_WestEurope_000l;migrationStage=NotStarted}
{"logTime": "0319/204629", "correlationVector":"oyJ2a3AyUaCIzf6X9LEvbM.1","action":"SyncServerConnectionManagerRequest", "result":"SYNC_SERVER_OK", "context":{"environment":"Prod_WestEurope_000l", "migrationStage":"NotStarted", "server":"GENERAL0100000J"}}
{"logTime": "0319/204629", "correlationVector":"oyJ2a3AyUaCIzf6X9LEvbM","action":"Initial GetUpdates", "result":"", "context":Reason: NEW_CLIENT. cV=oyJ2a3AyUaCIzf6X9LEvbM}
{"logTime": "0319/204629", "correlationVector":"oyJ2a3AyUaCIzf6X9LEvbM.2","action":"GetUpdates Response", "result":"SYNCER_OK", "context":Received 1 update(s). cV=oyJ2a3AyUaCIzf6X9LEvbM.0;server=GENERAL0100000J;cloudType=Consumer;environment=Prod_WestEurope_000l;migrationStage=NotStarted}
{"logTime": "0319/204629", "correlationVector":"K+cGSqkVAu/6N4ZaCqqBHQ","action":"Initial GetUpdates", "result":"", "context":Reason: NEWLY_SUPPORTED_DATATYPE. cV=K+cGSqkVAu/6N4ZaCqqBHQ}
{"logTime": "0319/204629", "correlationVector":"K+cGSqkVAu/6N4ZaCqqBHQ.1","action":"SyncServerConnectionManagerRequest", "result":"SYNC_SERVER_OK", "context":{"environment":"Prod_WestEurope_000l", "migrationStage":"NotStarted", "server":"GENERAL03000008"}}
{"logTime": "0319/204629", "correlationVector":"K+cGSqkVAu/6N4ZaCqqBHQ.2","action":"GetUpdates", "result":"DeleteReceived", "context":{"id":"8ec3e878-3425-45f8-be87-0d7d2f78cbb0", "isDeleted:":"true", "version":"1708784342680"}}
{"logTime": "0319/204629", "correlationVector":"K+cGSqkVAu/6N4ZaCqqBHQ.3","action":"GetUpdates Response", "result":"SYNCER_OK", "context":Received 16 update(s). cV=K+cGSqkVAu/6N4ZaCqqBHQ.0;server=GENERAL03000008;cloudType=Consumer;environment=Prod_WestEurope_000l;migrationStage=NotStarted}
{"logTime": "0319/204629", "correlationVector":"5ALq/ryIbwY3F8IYbbSpK6","action":"Normal GetUpdate request", "result":"", "context":cV=5ALq/ryIbwY3F8IYbbSpK6
Nudged types: Sessions
Refresh requested types: Bookmarks, Preferences, Passwords, Autofill Profiles, Autofill, Typed URLs, Extensions, Sessions, Extension settings, History Delete Directives, Device Info, User Consents, Send Tab To Self, Web Apps, Collection, Edge E Drop, Edge Hub App Usage, Edge Wallet, Encryption Keys}
{"logTime": "0319/204629", "correlationVector":"5ALq/ryIbwY3F8IYbbSpK6.1","action":"SyncServerConnectionManagerRequest", "result":"SYNC_SERVER_OK", "context":{"environment":"Prod_WestEurope_000l", "migrationStage":"NotStarted", "server":"GENERAL0300000K"}}
{"logTime": "0319/204629", "correlationVector":"5ALq/ryIbwY3F8IYbbSpK6.2","action":"GetUpdates Response", "result":"SYNCER_OK", "context":Received 3 update(s). cV=5ALq/ryIbwY3F8IYbbSpK6.0;server=GENERAL0300000K;cloudType=Consumer;environment=Prod_WestEurope_000l;migrationStage=NotStarted}
{"logTime": "0319/204629", "correlationVector":"2pP5hDUopoCmKUNGe4h6Ia","action":"Commit Request", "result":"", "context":Item count: 3
Contributing types: Sessions}
{"logTime": "0319/204629", "correlationVector":"2pP5hDUopoCmKUNGe4h6Ia.1","action":"SyncServerConnectionManagerRequest", "result":"SYNC_SERVER_OK", "context":{"environment":"Prod_WestEurope_000l", "migrationStage":"NotStarted", "server":"GENERAL01000024"}}
{"logTime": "0319/204629", "correlationVector":"2pP5hDUopoCmKUNGe4h6Ia.3","action":"Commit.Sessions", "result":"Success", "context":{"id":"5930a265-d519-41ab-b85b-7cf35dcde976", "isDeleted":"true", "size":"0", "version":"1710879858878"}}
{"logTime": "0319/204629", "correlationVector":"2pP5hDUopoCmKUNGe4h6Ia.2","action":"Commit Response", "result":"SYNCER_OK", "context":Result: SYNCER_OK. cV=2pP5hDUopoCmKUNGe4h6Ia.0;server=GENERAL01000024;cloudType=Consumer;environment=Prod_WestEurope_000l;migrationStage=NotStarted}
{"logTime": "0319/204635", "correlationVector":"JmkGbCDpfc5OmWsFRga8si","action":"SyncServerConnectionManagerRequest", "result":"SYNC_SERVER_OK", "context":{"environment":"", "migrationStage":"", "server":""}}
{"logTime": "0319/204635", "correlationVector":"+N69uA+lvDX8YigqkiTvfV","action":"Normal GetUpdate request", "result":"", "context":cV=+N69uA+lvDX8YigqkiTvfV
Nudged types: Preferences, Sessions}
{"logTime": "0319/204635", "correlationVector":"+N69uA+lvDX8YigqkiTvfV.1","action":"SyncServerConnectionManagerRequest", "result":"SYNC_SERVER_OK", "context":{"environment":"Prod_WestEurope_000l", "migrationStage":"NotStarted", "server":"GENERAL0100001C"}}
{"logTime": "0319/204635", "correlationVector":"+N69uA+lvDX8YigqkiTvfV.2","action":"GetUpdates", "result":"DeleteReceived", "context":{"id":"5930a265-d519-41ab-b85b-7cf35dcde976", "isDeleted:":"true", "version":"1710881179518"}}
{"logTime": "0319/204635", "correlationVector":"+N69uA+lvDX8YigqkiTvfV.3","action":"GetUpdates Response", "result":"SYNCER_OK", "context":Received 3 update(s). cV=+N69uA+lvDX8YigqkiTvfV.0;server=GENERAL0100001C;cloudType=Consumer;environment=Prod_WestEurope_000l;migrationStage=NotStarted}
{"logTime": "0319/204635", "correlationVector":"I7puFDdmUvczwRqyKX+5B4","action":"Commit Request", "result":"", "context":Item count: 2
Contributing types: Preferences, Sessions}
{"logTime": "0319/204635", "correlationVector":"I7puFDdmUvczwRqyKX+5B4.1","action":"SyncServerConnectionManagerRequest", "result":"SYNC_SERVER_OK", "context":{"environment":"Prod_WestEurope_000l", "migrationStage":"NotStarted", "server":"GENERAL01000001"}}
{"logTime": "0319/204635", "correlationVector":"I7puFDdmUvczwRqyKX+5B4.2","action":"Commit Response", "result":"SYNCER_OK", "context":Result: SYNCER_OK. cV=I7puFDdmUvczwRqyKX+5B4.0;server=GENERAL01000001;cloudType=Consumer;environment=Prod_WestEurope_000l;migrationStage=NotStarted}
{"logTime": "0319/204635", "correlationVector":"b//EyDCiOkcnkeP80xGgHz","action":"Normal GetUpdate request", "result":"", "context":cV=b//EyDCiOkcnkeP80xGgHz
Nudged types: Preferences, Sessions
Refresh requested types: Bookmarks, Preferences, Passwords, Autofill Profiles, Autofill, Typed URLs, Extensions, Sessions, Extension settings, History Delete Directives, Device Info, User Consents, Send Tab To Self, Web Apps, Collection, Edge E Drop, Edge Hub App Usage, Edge Wallet, Encryption Keys}
{"logTime": "0319/204635", "correlationVector":"b//EyDCiOkcnkeP80xGgHz.1","action":"SyncServerConnectionManagerRequest", "result":"SYNC_SERVER_OK", "context":{"environment":"Prod_WestEurope_000l", "migrationStage":"NotStarted", "server":"GENERAL0100001B"}}
{"logTime": "0319/204635", "correlationVector":"b//EyDCiOkcnkeP80xGgHz.2","action":"GetUpdates Response", "result":"SYNCER_OK", "context":Received 2 update(s). cV=b//EyDCiOkcnkeP80xGgHz.0;server=GENERAL0100001B;cloudType=Consumer;environment=Prod_WestEurope_000l;migrationStage=NotStarted}
{"logTime": "0319/205119", "correlationVector":"LB+T4EzKmSi5Om8xxtlQmL","action":"Normal GetUpdate request", "result":"", "context":cV=LB+T4EzKmSi5Om8xxtlQmL
Refresh requested types: Bookmarks, Preferences, Passwords, Autofill Profiles, Autofill, Typed URLs, Extensions, Sessions, Extension settings, History Delete Directives, Device Info, User Consents, Send Tab To Self, Web Apps, Collection, Edge E Drop, Edge Hub App Usage, Edge Wallet, Encryption Keys}
{"logTime": "0319/205119", "correlationVector":"LB+T4EzKmSi5Om8xxtlQmL.1","action":"SyncServerConnectionManagerRequest", "result":"SYNC_SERVER_OK", "context":{"environment":"Prod_WestEurope_000l", "migrationStage":"NotStarted", "server":"general01000026"}}
{"logTime": "0319/205119", "correlationVector":"LB+T4EzKmSi5Om8xxtlQmL.2","action":"GetUpdates Response", "result":"SYNCER_OK", "context":Received 0 update(s). cV=LB+T4EzKmSi5Om8xxtlQmL.0;server=general01000026;cloudType=Consumer;environment=Prod_WestEurope_000l;migrationStage=NotStarted}
{"logTime": "0319/205258", "correlationVector":"uK2BSchEBrC0580ZtDTvxS","action":"Commit Request", "result":"", "context":Item count: 1
Contributing types: Sessions}
{"logTime": "0319/205258", "correlationVector":"uK2BSchEBrC0580ZtDTvxS.1","action":"SyncServerConnectionManagerRequest", "result":"SYNC_SERVER_OK", "context":{"environment":"Prod_WestEurope_000l", "migrationStage":"NotStarted", "server":"GENERAL0300000C"}}
{"logTime": "0319/205258", "correlationVector":"uK2BSchEBrC0580ZtDTvxS.2","action":"Commit Response", "result":"SYNCER_OK", "context":Result: SYNCER_OK. cV=uK2BSchEBrC0580ZtDTvxS.0;server=GENERAL0300000C;cloudType=Consumer;environment=Prod_WestEurope_000l;migrationStage=NotStarted}
{"logTime": "0319/205329", "correlationVector":"SiUCohIwuiFMF5y88v9I+l","action":"Commit Request", "result":"", "context":Item count: 1
Contributing types: Sessions}
{"logTime": "0319/205329", "correlationVector":"SiUCohIwuiFMF5y88v9I+l.1","action":"SyncServerConnectionManagerRequest", "result":"SYNC_SERVER_OK", "context":{"environment":"Prod_WestEurope_000l", "migrationStage":"NotStarted", "server":"GENERAL01000015"}}
{"logTime": "0319/205329", "correlationVector":"SiUCohIwuiFMF5y88v9I+l.2","action":"Commit Response", "result":"SYNCER_OK", "context":Result: SYNCER_OK. cV=SiUCohIwuiFMF5y88v9I+l.0;server=GENERAL01000015;cloudType=Consumer;environment=Prod_WestEurope_000l;migrationStage=NotStarted}
{"logTime": "0319/211914", "correlationVector":"gZeeUxBSw5UW0xBOlhoXme","action":"Commit Request", "result":"", "context":Item count: 1
Contributing types: Device Info}
{"logTime": "0319/211915", "correlationVector":"gZeeUxBSw5UW0xBOlhoXme.1","action":"SyncServerConnectionManagerRequest", "result":"SYNC_SERVER_OK", "context":{"environment":"Prod_WestEurope_x00e", "migrationStage":"NotStarted", "server":"GENERAL02000006"}}
{"logTime": "0319/211915", "correlationVector":"gZeeUxBSw5UW0xBOlhoXme.2","action":"Commit Response", "result":"SYNCER_OK", "context":Result: SYNCER_OK. cV=gZeeUxBSw5UW0xBOlhoXme.0;server=GENERAL02000006;cloudType=Consumer;environment=Prod_WestEurope_x00e;migrationStage=NotStarted}
{"logTime": "0319/212715", "correlationVector":"+Kak8FSVOF61/KzZd1yvz6","action":"Commit Request", "result":"", "context":Item count: 1
Contributing types: Sessions}
{"logTime": "0319/212715", "correlationVector":"+Kak8FSVOF61/KzZd1yvz6.1","action":"SyncServerConnectionManagerRequest", "result":"SYNC_SERVER_OK", "context":{"environment":"Prod_WestEurope_x00e", "migrationStage":"NotStarted", "server":"GENERAL0100002B"}}
{"logTime": "0319/212715", "correlationVector":"+Kak8FSVOF61/KzZd1yvz6.2","action":"Commit Response", "result":"SYNCER_OK", "context":Result: SYNCER_OK. cV=+Kak8FSVOF61/KzZd1yvz6.0;server=GENERAL0100002B;cloudType=Consumer;environment=Prod_WestEurope_x00e;migrationStage=NotStarted}
{"logTime": "0319/212859", "correlationVector":"V+G7jxX2ty3Gg9y2qY/BQw.1","action":"SyncServerConnectionManagerRequest", "result":"SYNC_SERVER_OK", "context":{"environment":"Prod_WestEurope_000l", "migrationStage":"NotStarted", "server":"GENERAL0100000J"}}
{"logTime": "0319/212859", "correlationVector":"V+G7jxX2ty3Gg9y2qY/BQw","action":"Initial GetUpdates", "result":"", "context":Reason: NEW_CLIENT. cV=V+G7jxX2ty3Gg9y2qY/BQw}
{"logTime": "0319/212859", "correlationVector":"V+G7jxX2ty3Gg9y2qY/BQw.2","action":"GetUpdates Response", "result":"SYNCER_OK", "context":Received 1 update(s). cV=V+G7jxX2ty3Gg9y2qY/BQw.0;server=GENERAL0100000J;cloudType=Consumer;environment=Prod_WestEurope_000l;migrationStage=NotStarted}
{"logTime": "0319/212859", "correlationVector":"No8kd4Od1io5ekeZ2wVNCV","action":"Initial GetUpdates", "result":"", "context":Reason: NEWLY_SUPPORTED_DATATYPE. cV=No8kd4Od1io5ekeZ2wVNCV}
{"logTime": "0319/212859", "correlationVector":"No8kd4Od1io5ekeZ2wVNCV.1","action":"SyncServerConnectionManagerRequest", "result":"SYNC_SERVER_OK", "context":{"environment":"Prod_WestEurope_000l", "migrationStage":"NotStarted", "server":"GENERAL0100000O"}}
{"logTime": "0319/212859", "correlationVector":"No8kd4Od1io5ekeZ2wVNCV.2","action":"GetUpdates", "result":"DeleteReceived", "context":{"id":"8ec3e878-3425-45f8-be87-0d7d2f78cbb0", "isDeleted:":"true", "version":"1708784342680"}}
{"logTime": "0319/212859", "correlationVector":"No8kd4Od1io5ekeZ2wVNCV.3","action":"GetUpdates Response", "result":"SYNCER_OK", "context":Received 16 update(s). cV=No8kd4Od1io5ekeZ2wVNCV.0;server=GENERAL0100000O;cloudType=Consumer;environment=Prod_WestEurope_000l;migrationStage=NotStarted}
{"logTime": "0319/212859", "correlationVector":"PDEkRziltP8prfzMAc6gi+","action":"SyncServerConnectionManagerRequest", "result":"SYNC_SERVER_OK", "context":{"environment":"", "migrationStage":"", "server":""}}
{"logTime": "0319/212859", "correlationVector":"W+3LZJnx4kuplQOpnDVJvP","action":"Normal GetUpdate request", "result":"", "context":cV=W+3LZJnx4kuplQOpnDVJvP
Nudged types: Sessions
Refresh requested types: Bookmarks, Preferences, Passwords, Autofill Profiles, Autofill, Typed URLs, Extensions, Sessions, Extension settings, History Delete Directives, Device Info, User Consents, Send Tab To Self, Web Apps, Collection, Edge E Drop, Edge Hub App Usage, Edge Wallet, Encryption Keys}
{"logTime": "0319/212859", "correlationVector":"W+3LZJnx4kuplQOpnDVJvP.1","action":"SyncServerConnectionManagerRequest", "result":"SYNC_SERVER_OK", "context":{"environment":"Prod_WestEurope_000l", "migrationStage":"NotStarted", "server":"GENERAL03000037"}}
{"logTime": "0319/212859", "correlationVector":"W+3LZJnx4kuplQOpnDVJvP.2","action":"GetUpdates Response", "result":"SYNCER_OK", "context":Received 2 update(s). cV=W+3LZJnx4kuplQOpnDVJvP.0;server=GENERAL03000037;cloudType=Consumer;environment=Prod_WestEurope_000l;migrationStage=NotStarted}
{"logTime": "0319/212859", "correlationVector":"9iZxg+v03dDXX5tQ2b8eLU","action":"Commit Request", "result":"", "context":Item count: 3
Contributing types: Sessions}
{"logTime": "0319/212859", "correlationVector":"9iZxg+v03dDXX5tQ2b8eLU.1","action":"SyncServerConnectionManagerRequest", "result":"SYNC_SERVER_OK", "context":{"environment":"Prod_WestEurope_000l", "migrationStage":"NotStarted", "server":"GENERAL0100000J"}}
{"logTime": "0319/212859", "correlationVector":"9iZxg+v03dDXX5tQ2b8eLU.3","action":"Commit.Sessions", "result":"Success", "context":{"id":"0893267b-7719-46a4-8dcf-b3772763098b", "isDeleted":"true", "size":"0", "version":"1710883635586"}}
{"logTime": "0319/212859", "correlationVector":"9iZxg+v03dDXX5tQ2b8eLU.2","action":"Commit Response", "result":"SYNCER_OK", "context":Result: SYNCER_OK. cV=9iZxg+v03dDXX5tQ2b8eLU.0;server=GENERAL0100000J;cloudType=Consumer;environment=Prod_WestEurope_000l;migrationStage=NotStarted}
{"logTime": "0319/212859", "correlationVector":"ywJ1NQVaZ1OxL8HO+PplVO","action":"Normal GetUpdate request", "result":"", "context":cV=ywJ1NQVaZ1OxL8HO+PplVO
Nudged types: Sessions
Refresh requested types: Bookmarks, Preferences, Passwords, Autofill Profiles, Autofill, Typed URLs, Extensions, Sessions, Extension settings, History Delete Directives, Device Info, User Consents, Send Tab To Self, Web Apps, Collection, Edge E Drop, Edge Hub App Usage, Edge Wallet, Encryption Keys}
{"logTime": "0319/212859", "correlationVector":"ywJ1NQVaZ1OxL8HO+PplVO.1","action":"SyncServerConnectionManagerRequest", "result":"SYNC_SERVER_OK", "context":{"environment":"Prod_WestEurope_000l", "migrationStage":"NotStarted", "server":"general03000003"}}
{"logTime": "0319/212859", "correlationVector":"ywJ1NQVaZ1OxL8HO+PplVO.2","action":"GetUpdates", "result":"DeleteReceived", "context":{"id":"0893267b-7719-46a4-8dcf-b3772763098b", "isDeleted:":"true", "version":"1710883731335"}}
{"logTime": "0319/212859", "correlationVector":"ywJ1NQVaZ1OxL8HO+PplVO.3","action":"GetUpdates Response", "result":"SYNCER_OK", "context":Received 3 update(s). cV=ywJ1NQVaZ1OxL8HO+PplVO.0;server=general03000003;cloudType=Consumer;environment=Prod_WestEurope_000l;migrationStage=NotStarted}
{"logTime": "0319/212921", "correlationVector":"A9prSb8gBqvweD/MXiaBVO","action":"Commit Request", "result":"", "context":Item count: 1
Contributing types: Sessions}
{"logTime": "0319/212921", "correlationVector":"A9prSb8gBqvweD/MXiaBVO.1","action":"SyncServerConnectionManagerRequest", "result":"SYNC_SERVER_OK", "context":{"environment":"Prod_WestEurope_000l", "migrationStage":"NotStarted", "server":"GENERAL03000011"}}
{"logTime": "0319/212921", "correlationVector":"A9prSb8gBqvweD/MXiaBVO.2","action":"Commit Response", "result":"SYNCER_OK", "context":Result: SYNCER_OK. cV=A9prSb8gBqvweD/MXiaBVO.0;server=GENERAL03000011;cloudType=Consumer;environment=Prod_WestEurope_000l;migrationStage=NotStarted}
{"logTime": "0319/212945", "correlationVector":"Mnxn/R9MKW0F/Uu7d4rIrR","action":"Commit Request", "result":"", "context":Item count: 1
Contributing types: Preferences}
{"logTime": "0319/212945", "correlationVector":"Mnxn/R9MKW0F/Uu7d4rIrR.1","action":"SyncServerConnectionManagerRequest", "result":"SYNC_SERVER_OK", "context":{"environment":"Prod_WestEurope_000l", "migrationStage":"NotStarted", "server":"GENERAL01000009"}}
{"logTime": "0319/212945", "correlationVector":"Mnxn/R9MKW0F/Uu7d4rIrR.2","action":"Commit Response", "result":"SYNCER_OK", "context":Result: SYNCER_OK. cV=Mnxn/R9MKW0F/Uu7d4rIrR.0;server=GENERAL01000009;cloudType=Consumer;environment=Prod_WestEurope_000l;migrationStage=NotStarted}
{"logTime": "0319/212954", "correlationVector":"O2r4rzsF+JxSsgRAslfnXq","action":"Commit Request", "result":"", "context":Item count: 1
Contributing types: Preferences}
{"logTime": "0319/212954", "correlationVector":"O2r4rzsF+JxSsgRAslfnXq.1","action":"SyncServerConnectionManagerRequest", "result":"SYNC_SERVER_OK", "context":{"environment":"Prod_WestEurope_000l", "migrationStage":"NotStarted", "server":"general0300003F"}}
{"logTime": "0319/212954", "correlationVector":"O2r4rzsF+JxSsgRAslfnXq.2","action":"Commit Response", "result":"SYNCER_OK", "context":Result: SYNCER_OK. cV=O2r4rzsF+JxSsgRAslfnXq.0;server=general0300003F;cloudType=Consumer;environment=Prod_WestEurope_000l;migrationStage=NotStarted}
{"logTime": "0319/213212", "correlationVector":"yk+HO/85W2frlY6DU1dN9y","action":"Commit Request", "result":"", "context":Item count: 1
Contributing types: Sessions}
{"logTime": "0319/213213", "correlationVector":"yk+HO/85W2frlY6DU1dN9y.1","action":"SyncServerConnectionManagerRequest", "result":"SYNC_SERVER_OK", "context":{"environment":"Prod_WestEurope_000l", "migrationStage":"NotStarted", "server":"GENERAL03000032"}}
{"logTime": "0319/213213", "correlationVector":"yk+HO/85W2frlY6DU1dN9y.2","action":"Commit Response", "result":"SYNCER_OK", "context":Result: SYNCER_OK. cV=yk+HO/85W2frlY6DU1dN9y.0;server=GENERAL03000032;cloudType=Consumer;environment=Prod_WestEurope_000l;migrationStage=NotStarted}
{"logTime": "0319/213350", "correlationVector":"raJsuXf4Elhhb5u27DkTsU","action":"Normal GetUpdate request", "result":"", "context":cV=raJsuXf4Elhhb5u27DkTsU
Refresh requested types: Bookmarks, Preferences, Passwords, Autofill Profiles, Autofill, Typed URLs, Extensions, Sessions, Extension settings, History Delete Directives, Device Info, User Consents, Send Tab To Self, Web Apps, Collection, Edge E Drop, Edge Hub App Usage, Edge Wallet, Encryption Keys}
{"logTime": "0319/213350", "correlationVector":"raJsuXf4Elhhb5u27DkTsU.1","action":"SyncServerConnectionManagerRequest", "result":"SYNC_SERVER_OK", "context":{"environment":"Prod_WestEurope_000l", "migrationStage":"NotStarted", "server":"GENERAL03000037"}}
{"logTime": "0319/213350", "correlationVector":"raJsuXf4Elhhb5u27DkTsU.2","action":"GetUpdates Response", "result":"SYNCER_OK", "context":Received 2 update(s). cV=raJsuXf4Elhhb5u27DkTsU.0;server=GENERAL03000037;cloudType=Consumer;environment=Prod_WestEurope_000l;migrationStage=NotStarted}
{"logTime": "0319/213619", "correlationVector":"77Ab49JqvAHMdgBuq/hJ7A","action":"Commit Request", "result":"", "context":Item count: 1
Contributing types: Sessions}
{"logTime": "0319/213619", "correlationVector":"77Ab49JqvAHMdgBuq/hJ7A.1","action":"SyncServerConnectionManagerRequest", "result":"SYNC_SERVER_OK", "context":{"environment":"Prod_WestEurope_000l", "migrationStage":"NotStarted", "server":"GENERAL0100000Q"}}
{"logTime": "0319/213619", "correlationVector":"77Ab49JqvAHMdgBuq/hJ7A.2","action":"Commit Response", "result":"SYNCER_OK", "context":Result: SYNCER_OK. cV=77Ab49JqvAHMdgBuq/hJ7A.0;server=GENERAL0100000Q;cloudType=Consumer;environment=Prod_WestEurope_000l;migrationStage=NotStarted}
{"logTime": "0319/213736", "correlationVector":"RYc4361r1jw4JuGk1o16XK","action":"Commit Request", "result":"", "context":Item count: 1
Contributing types: Sessions}
{"logTime": "0319/213736", "correlationVector":"RYc4361r1jw4JuGk1o16XK.1","action":"SyncServerConnectionManagerRequest", "result":"SYNC_SERVER_OK", "context":{"environment":"Prod_WestEurope_000l", "migrationStage":"NotStarted", "server":"GENERAL0100000E"}}
{"logTime": "0319/213736", "correlationVector":"RYc4361r1jw4JuGk1o16XK.2","action":"Commit Response", "result":"SYNCER_OK", "context":Result: SYNCER_OK. cV=RYc4361r1jw4JuGk1o16XK.0;server=GENERAL0100000E;cloudType=Consumer;environment=Prod_WestEurope_000l;migrationStage=NotStarted}
{"logTime": "0319/220545", "correlationVector":"0sZKbilwbwGtSEP0o0HrP7","action":"Commit Request", "result":"", "context":Item count: 1
Contributing types: Sessions}
{"logTime": "0319/220545", "correlationVector":"0sZKbilwbwGtSEP0o0HrP7.1","action":"SyncServerConnectionManagerRequest", "result":"SYNC_SERVER_OK", "context":{"environment":"Prod_WestEurope_000l", "migrationStage":"NotStarted", "server":"GENERAL01000009"}}
{"logTime": "0319/220545", "correlationVector":"0sZKbilwbwGtSEP0o0HrP7.2","action":"Commit Response", "result":"SYNCER_OK", "context":Result: SYNCER_OK. cV=0sZKbilwbwGtSEP0o0HrP7.0;server=GENERAL01000009;cloudType=Consumer;environment=Prod_WestEurope_000l;migrationStage=NotStarted}
{"logTime": "0319/221150", "correlationVector":"r9Ab3/OJ1MzJSALQoLzDuw","action":"Commit Request", "result":"", "context":Item count: 1
Contributing types: Sessions}
{"logTime": "0319/221150", "correlationVector":"r9Ab3/OJ1MzJSALQoLzDuw.1","action":"SyncServerConnectionManagerRequest", "result":"SYNC_SERVER_OK", "context":{"environment":"Prod_WestEurope_000l", "migrationStage":"NotStarted", "server":"GENERAL0100000Y"}}
{"logTime": "0319/221150", "correlationVector":"r9Ab3/OJ1MzJSALQoLzDuw.2","action":"Commit Response", "result":"SYNCER_OK", "context":Result: SYNCER_OK. cV=r9Ab3/OJ1MzJSALQoLzDuw.0;server=GENERAL0100000Y;cloudType=Consumer;environment=Prod_WestEurope_000l;migrationStage=NotStarted}
{"logTime": "0319/222119", "correlationVector":"jpEwhfRSvoqUnuvSfiNhRE","action":"Commit Request", "result":"", "context":Item count: 1
Contributing types: Sessions}
{"logTime": "0319/222119", "correlationVector":"jpEwhfRSvoqUnuvSfiNhRE.1","action":"SyncServerConnectionManagerRequest", "result":"SYNC_SERVER_OK", "context":{"environment":"Prod_WestEurope_000l", "migrationStage":"NotStarted", "server":"GENERAL01000004"}}
{"logTime": "0319/222119", "correlationVector":"jpEwhfRSvoqUnuvSfiNhRE.2","action":"Commit Response", "result":"SYNCER_OK", "context":Result: SYNCER_OK. cV=jpEwhfRSvoqUnuvSfiNhRE.0;server=GENERAL01000004;cloudType=Consumer;environment=Prod_WestEurope_000l;migrationStage=NotStarted}
{"logTime": "0319/222335", "correlationVector":"kmwmAO7XfHm9ZbwOKAyxew","action":"Commit Request", "result":"", "context":Item count: 1
Contributing types: Sessions}
{"logTime": "0319/222335", "correlationVector":"kmwmAO7XfHm9ZbwOKAyxew.1","action":"SyncServerConnectionManagerRequest", "result":"SYNC_SERVER_OK", "context":{"environment":"Prod_WestEurope_000l", "migrationStage":"NotStarted", "server":"GENERAL0300002W"}}
{"logTime": "0319/222335", "correlationVector":"kmwmAO7XfHm9ZbwOKAyxew.2","action":"Commit Response", "result":"SYNCER_OK", "context":Result: SYNCER_OK. cV=kmwmAO7XfHm9ZbwOKAyxew.0;server=GENERAL0300002W;cloudType=Consumer;environment=Prod_WestEurope_000l;migrationStage=NotStarted}
{"logTime": "0320/133910", "correlationVector":"GQQ+bDOSKZ4Y6lyHLeUSa1","action":"SyncServerConnectionManagerRequest", "result":"SYNC_SERVER_OK", "context":{"environment":"", "migrationStage":"", "server":""}}
{"logTime": "0320/133910", "correlationVector":"+hbKoGhcGyIqOozUoeJ/SU.1","action":"SyncServerConnectionManagerRequest", "result":"SYNC_SERVER_OK", "context":{"environment":"Prod_WestEurope_x00e", "migrationStage":"NotStarted", "server":"GENERAL0100000E"}}
{"logTime": "0320/133910", "correlationVector":"+hbKoGhcGyIqOozUoeJ/SU","action":"Initial GetUpdates", "result":"", "context":Reason: NEW_CLIENT. cV=+hbKoGhcGyIqOozUoeJ/SU}
{"logTime": "0320/133910", "correlationVector":"+hbKoGhcGyIqOozUoeJ/SU.2","action":"GetUpdates Response", "result":"SYNCER_OK", "context":Received 1 update(s). cV=+hbKoGhcGyIqOozUoeJ/SU.0;server=GENERAL0100000E;cloudType=Consumer;environment=Prod_WestEurope_x00e;migrationStage=NotStarted}
{"logTime": "0320/133910", "correlationVector":"5APKCWusAJzKU92fmwSk8O","action":"Initial GetUpdates", "result":"", "context":Reason: NEWLY_SUPPORTED_DATATYPE. cV=5APKCWusAJzKU92fmwSk8O}
{"logTime": "0320/133910", "correlationVector":"5APKCWusAJzKU92fmwSk8O.1","action":"SyncServerConnectionManagerRequest", "result":"SYNC_SERVER_OK", "context":{"environment":"Prod_WestEurope_x00e", "migrationStage":"NotStarted", "server":"general02000011"}}
{"logTime": "0320/133910", "correlationVector":"5APKCWusAJzKU92fmwSk8O.2","action":"GetUpdates", "result":"DeleteReceived", "context":{"id":"8ec3e878-3425-45f8-be87-0d7d2f78cbb0", "isDeleted:":"true", "version":"1708784342680"}}
{"logTime": "0320/133910", "correlationVector":"5APKCWusAJzKU92fmwSk8O.3","action":"GetUpdates Response", "result":"SYNCER_OK", "context":Received 16 update(s). cV=5APKCWusAJzKU92fmwSk8O.0;server=general02000011;cloudType=Consumer;environment=Prod_WestEurope_x00e;migrationStage=NotStarted}
{"logTime": "0320/133910", "correlationVector":"rnEv5qkynwmbdPtXZRZI3c","action":"Normal GetUpdate request", "result":"", "context":cV=rnEv5qkynwmbdPtXZRZI3c
Nudged types: Sessions
Refresh requested types: Bookmarks, Preferences, Passwords, Autofill Profiles, Autofill, Typed URLs, Extensions, Sessions, Extension settings, History Delete Directives, Device Info, User Consents, Send Tab To Self, Web Apps, Collection, Edge E Drop, Edge Hub App Usage, Edge Wallet, Encryption Keys}
{"logTime": "0320/133910", "correlationVector":"rnEv5qkynwmbdPtXZRZI3c.1","action":"SyncServerConnectionManagerRequest", "result":"SYNC_SERVER_OK", "context":{"environment":"Prod_WestEurope_x00e", "migrationStage":"NotStarted", "server":"GENERAL0100000N"}}
{"logTime": "0320/133910", "correlationVector":"rnEv5qkynwmbdPtXZRZI3c.2","action":"GetUpdates", "result":"DeleteReceived", "context":{"id":"d39df42f-5edb-4ec2-b5c9-d2b08f1ac259", "isDeleted:":"true", "version":"1710903707792"}}
{"logTime": "0320/133910", "correlationVector":"rnEv5qkynwmbdPtXZRZI3c.3","action":"GetUpdates", "result":"DeleteReceived", "context":{"id":"cf0217eb-0de0-4823-8599-bdb8a7c2a44c", "isDeleted:":"true", "version":"1710903718404"}}
{"logTime": "0320/133910", "correlationVector":"rnEv5qkynwmbdPtXZRZI3c.4","action":"GetUpdates", "result":"DeleteReceived", "context":{"id":"30e14dd3-6317-4dc2-b8a8-2d72b7f6af88", "isDeleted:":"true", "version":"1710903877134"}}
{"logTime": "0320/133910", "correlationVector":"rnEv5qkynwmbdPtXZRZI3c.5","action":"GetUpdates Response", "result":"SYNCER_OK", "context":Received 13 update(s). cV=rnEv5qkynwmbdPtXZRZI3c.0;server=GENERAL0100000N;cloudType=Consumer;environment=Prod_WestEurope_x00e;migrationStage=NotStarted}
{"logTime": "0320/133910", "correlationVector":"hJjHugBgpEhbaQqIWMDPdy","action":"Commit Request", "result":"", "context":Item count: 2
Contributing types: Sessions}
{"logTime": "0320/133910", "correlationVector":"hJjHugBgpEhbaQqIWMDPdy.1","action":"SyncServerConnectionManagerRequest", "result":"SYNC_SERVER_OK", "context":{"environment":"Prod_WestEurope_x00e", "migrationStage":"NotStarted", "server":"general0200001W"}}
{"logTime": "0320/133910", "correlationVector":"hJjHugBgpEhbaQqIWMDPdy.2","action":"Commit Response", "result":"SYNCER_OK", "context":Result: SYNCER_OK. cV=hJjHugBgpEhbaQqIWMDPdy.0;server=general0200001W;cloudType=Consumer;environment=Prod_WestEurope_x00e;migrationStage=NotStarted}
{"logTime": "0320/133910", "correlationVector":"n0C8pUimFDutDrpecXUaU0","action":"Poll GetUpdate request", "result":"", "context":cV=n0C8pUimFDutDrpecXUaU0}
{"logTime": "0320/133910", "correlationVector":"n0C8pUimFDutDrpecXUaU0.1","action":"SyncServerConnectionManagerRequest", "result":"SYNC_SERVER_OK", "context":{"environment":"Prod_NorthEurope_000h", "migrationStage":"NotStarted", "server":"GENERAL01000016"}}
{"logTime": "0320/133910", "correlationVector":"n0C8pUimFDutDrpecXUaU0.2","action":"GetUpdates Response", "result":"SYNCER_OK", "context":Received 2 update(s). cV=n0C8pUimFDutDrpecXUaU0.0;server=GENERAL01000016;cloudType=Consumer;environment=Prod_NorthEurope_000h;migrationStage=NotStarted}
{"logTime": "0320/133910", "correlationVector":"cGl97JW5OVRRwrGez1yEFK","action":"Normal GetUpdate request", "result":"", "context":cV=cGl97JW5OVRRwrGez1yEFK
Nudged types: Sessions}
{"logTime": "0320/133910", "correlationVector":"cGl97JW5OVRRwrGez1yEFK.1","action":"SyncServerConnectionManagerRequest", "result":"SYNC_SERVER_OK", "context":{"environment":"Prod_WestEurope_x00e", "migrationStage":"NotStarted", "server":"GENERAL0100002P"}}
{"logTime": "0320/133910", "correlationVector":"cGl97JW5OVRRwrGez1yEFK.2","action":"GetUpdates Response", "result":"SYNCER_OK", "context":Received 0 update(s). cV=cGl97JW5OVRRwrGez1yEFK.0;server=GENERAL0100002P;cloudType=Consumer;environment=Prod_WestEurope_x00e;migrationStage=NotStarted}
{"logTime": "0320/133910", "correlationVector":"nvbnYRUYQo718FOfgDfb0q","action":"Commit Request", "result":"", "context":Item count: 1
Contributing types: Sessions}
{"logTime": "0320/133910", "correlationVector":"nvbnYRUYQo718FOfgDfb0q.1","action":"SyncServerConnectionManagerRequest", "result":"SYNC_SERVER_OK", "context":{"environment":"Prod_WestEurope_x00e", "migrationStage":"NotStarted", "server":"GENERAL0100002R"}}
{"logTime": "0320/133910", "correlationVector":"nvbnYRUYQo718FOfgDfb0q.2","action":"Commit Response", "result":"SYNCER_OK", "context":Result: SYNCER_OK. cV=nvbnYRUYQo718FOfgDfb0q.0;server=GENERAL0100002R;cloudType=Consumer;environment=Prod_WestEurope_x00e;migrationStage=NotStarted}
{"logTime": "0320/133913", "correlationVector":"pgqSicyXaAVVf/YBeOFe4g","action":"Commit Request", "result":"", "context":Item count: 1
Contributing types: Preferences}
{"logTime": "0320/133913", "correlationVector":"pgqSicyXaAVVf/YBeOFe4g.1","action":"SyncServerConnectionManagerRequest", "result":"SYNC_SERVER_OK", "context":{"environment":"Prod_WestEurope_x00e", "migrationStage":"NotStarted", "server":"GENERAL0100000M"}}
{"logTime": "0320/133913", "correlationVector":"pgqSicyXaAVVf/YBeOFe4g.2","action":"Commit Response", "result":"SYNCER_OK", "context":Result: SYNCER_OK. cV=pgqSicyXaAVVf/YBeOFe4g.0;server=GENERAL0100000M;cloudType=Consumer;environment=Prod_WestEurope_x00e;migrationStage=NotStarted}
{"logTime": "0320/134311", "correlationVector":"ud0Tzg58071nY5bd4SPSN8","action":"Normal GetUpdate request", "result":"", "context":cV=ud0Tzg58071nY5bd4SPSN8
Refresh requested types: Bookmarks, Preferences, Passwords, Autofill Profiles, Autofill, Typed URLs, Extensions, Sessions, Extension settings, History Delete Directives, Device Info, User Consents, Send Tab To Self, Web Apps, Collection, Edge E Drop, Edge Hub App Usage, Edge Wallet, Encryption Keys}
{"logTime": "0320/134312", "correlationVector":"ud0Tzg58071nY5bd4SPSN8.1","action":"SyncServerConnectionManagerRequest", "result":"SYNC_SERVER_OK", "context":{"environment":"Prod_WestEurope_x00e", "migrationStage":"NotStarted", "server":"GENERAL0200002R"}}
{"logTime": "0320/134312", "correlationVector":"ud0Tzg58071nY5bd4SPSN8.2","action":"GetUpdates Response", "result":"SYNCER_OK", "context":Received 2 update(s). cV=ud0Tzg58071nY5bd4SPSN8.0;server=GENERAL0200002R;cloudType=Consumer;environment=Prod_WestEurope_x00e;migrationStage=NotStarted}
{"logTime": "0320/134331", "correlationVector":"UD1/iDUGSgnKkLV+q5cXVR","action":"Commit Request", "result":"", "context":Item count: 2
Contributing types: Preferences, Sessions}
{"logTime": "0320/134331", "correlationVector":"UD1/iDUGSgnKkLV+q5cXVR.1","action":"SyncServerConnectionManagerRequest", "result":"SYNC_SERVER_OK", "context":{"environment":"Prod_WestEurope_x00e", "migrationStage":"NotStarted", "server":"general0200001Q"}}
{"logTime": "0320/134331", "correlationVector":"UD1/iDUGSgnKkLV+q5cXVR.2","action":"Commit Response", "result":"SYNCER_OK", "context":Result: SYNCER_OK. cV=UD1/iDUGSgnKkLV+q5cXVR.0;server=general0200001Q;cloudType=Consumer;environment=Prod_WestEurope_x00e;migrationStage=NotStarted}
{"logTime": "0320/134402", "correlationVector":"hNU6cwf9F4gxl1AoxYgZtP","action":"Commit Request", "result":"", "context":Item count: 1
Contributing types: Sessions}
{"logTime": "0320/134402", "correlationVector":"hNU6cwf9F4gxl1AoxYgZtP.1","action":"SyncServerConnectionManagerRequest", "result":"SYNC_SERVER_OK", "context":{"environment":"Prod_WestEurope_x00e", "migrationStage":"NotStarted", "server":"GENERAL01000028"}}
{"logTime": "0320/134402", "correlationVector":"hNU6cwf9F4gxl1AoxYgZtP.2","action":"Commit Response", "result":"SYNCER_OK", "context":Result: SYNCER_OK. cV=hNU6cwf9F4gxl1AoxYgZtP.0;server=GENERAL01000028;cloudType=Consumer;environment=Prod_WestEurope_x00e;migrationStage=NotStarted}
{"logTime": "0320/162226", "correlationVector":"6ICTOKAhS12mnf6E37uIWU.1","action":"SyncServerConnectionManagerRequest", "result":"SYNC_SERVER_OK", "context":{"environment":"Prod_WestEurope_x00e", "migrationStage":"NotStarted", "server":"GENERAL01000022"}}
{"logTime": "0320/162226", "correlationVector":"6ICTOKAhS12mnf6E37uIWU","action":"Initial GetUpdates", "result":"", "context":Reason: NEW_CLIENT. cV=6ICTOKAhS12mnf6E37uIWU}
{"logTime": "0320/162226", "correlationVector":"6ICTOKAhS12mnf6E37uIWU.2","action":"GetUpdates Response", "result":"SYNCER_OK", "context":Received 1 update(s). cV=6ICTOKAhS12mnf6E37uIWU.0;server=GENERAL01000022;cloudType=Consumer;environment=Prod_WestEurope_x00e;migrationStage=NotStarted}
{"logTime": "0320/162226", "correlationVector":"IF8ZabHf1nHdnr6xUlp1UB","action":"SyncServerConnectionManagerRequest", "result":"SYNC_SERVER_OK", "context":{"environment":"", "migrationStage":"", "server":""}}
{"logTime": "0320/162226", "correlationVector":"YKa6FxTNq+9/eiW+rBs+/z","action":"Initial GetUpdates", "result":"", "context":Reason: NEWLY_SUPPORTED_DATATYPE. cV=YKa6FxTNq+9/eiW+rBs+/z}
{"logTime": "0320/162226", "correlationVector":"YKa6FxTNq+9/eiW+rBs+/z.1","action":"SyncServerConnectionManagerRequest", "result":"SYNC_SERVER_OK", "context":{"environment":"Prod_WestEurope_x00e", "migrationStage":"NotStarted", "server":"general0200001R"}}
{"logTime": "0320/162226", "correlationVector":"YKa6FxTNq+9/eiW+rBs+/z.2","action":"GetUpdates", "result":"DeleteReceived", "context":{"id":"8ec3e878-3425-45f8-be87-0d7d2f78cbb0", "isDeleted:":"true", "version":"1708784342680"}}
{"logTime": "0320/162226", "correlationVector":"YKa6FxTNq+9/eiW+rBs+/z.3","action":"GetUpdates Response", "result":"SYNCER_OK", "context":Received 16 update(s). cV=YKa6FxTNq+9/eiW+rBs+/z.0;server=general0200001R;cloudType=Consumer;environment=Prod_WestEurope_x00e;migrationStage=NotStarted}
{"logTime": "0320/162226", "correlationVector":"vLT9ifUOPxolTVAtojee4G","action":"Normal GetUpdate request", "result":"", "context":cV=vLT9ifUOPxolTVAtojee4G
Nudged types: Sessions
Refresh requested types: Bookmarks, Preferences, Passwords, Autofill Profiles, Autofill, Typed URLs, Extensions, Sessions, Extension settings, History Delete Directives, Device Info, User Consents, Send Tab To Self, Web Apps, Collection, Edge E Drop, Edge Hub App Usage, Edge Wallet, Encryption Keys}
{"logTime": "0320/162226", "correlationVector":"vLT9ifUOPxolTVAtojee4G.1","action":"SyncServerConnectionManagerRequest", "result":"SYNC_SERVER_OK", "context":{"environment":"Prod_WestEurope_000l", "migrationStage":"NotStarted", "server":"GENERAL0300001Z"}}
{"logTime": "0320/162226", "correlationVector":"vLT9ifUOPxolTVAtojee4G.2","action":"GetUpdates Response", "result":"SYNCER_OK", "context":Received 2 update(s). cV=vLT9ifUOPxolTVAtojee4G.0;server=GENERAL0300001Z;cloudType=Consumer;environment=Prod_WestEurope_000l;migrationStage=NotStarted}
{"logTime": "0320/162226", "correlationVector":"AUVNujFNULQpFLahlOVb9N","action":"Commit Request", "result":"", "context":Item count: 3
Contributing types: Sessions}
{"logTime": "0320/162226", "correlationVector":"AUVNujFNULQpFLahlOVb9N.1","action":"SyncServerConnectionManagerRequest", "result":"SYNC_SERVER_OK", "context":{"environment":"Prod_WestEurope_000l", "migrationStage":"NotStarted", "server":"GENERAL0300000C"}}
{"logTime": "0320/162226", "correlationVector":"AUVNujFNULQpFLahlOVb9N.3","action":"Commit.Sessions", "result":"Success", "context":{"id":"391f0300-5c25-44c9-a331-0e55369ed301", "isDeleted":"true", "size":"0", "version":"1710942242789"}}
{"logTime": "0320/162226", "correlationVector":"AUVNujFNULQpFLahlOVb9N.2","action":"Commit Response", "result":"SYNCER_OK", "context":Result: SYNCER_OK. cV=AUVNujFNULQpFLahlOVb9N.0;server=GENERAL0300000C;cloudType=Consumer;environment=Prod_WestEurope_000l;migrationStage=NotStarted}
{"logTime": "0320/162238", "correlationVector":"azVBX6TB6h02Ncmge/w2hd","action":"Normal GetUpdate request", "result":"", "context":cV=azVBX6TB6h02Ncmge/w2hd
Nudged types: Preferences, Sessions}
{"logTime": "0320/162238", "correlationVector":"azVBX6TB6h02Ncmge/w2hd.1","action":"SyncServerConnectionManagerRequest", "result":"SYNC_SERVER_OK", "context":{"environment":"Prod_WestEurope_x00e", "migrationStage":"NotStarted", "server":"general0200001R"}}
{"logTime": "0320/162238", "correlationVector":"azVBX6TB6h02Ncmge/w2hd.2","action":"GetUpdates", "result":"DeleteReceived", "context":{"id":"391f0300-5c25-44c9-a331-0e55369ed301", "isDeleted:":"true", "version":"1710951734204"}}
{"logTime": "0320/162238", "correlationVector":"azVBX6TB6h02Ncmge/w2hd.3","action":"GetUpdates Response", "result":"SYNCER_OK", "context":Received 3 update(s). cV=azVBX6TB6h02Ncmge/w2hd.0;server=general0200001R;cloudType=Consumer;environment=Prod_WestEurope_x00e;migrationStage=NotStarted}
{"logTime": "0320/162238", "correlationVector":"WgDEmMXKTSWIXs4lNUgXcJ","action":"Commit Request", "result":"", "context":Item count: 2
Contributing types: Preferences, Sessions}
{"logTime": "0320/162239", "correlationVector":"WgDEmMXKTSWIXs4lNUgXcJ.1","action":"SyncServerConnectionManagerRequest", "result":"SYNC_SERVER_OK", "context":{"environment":"Prod_WestEurope_x00e", "migrationStage":"NotStarted", "server":"GENERAL0100002O"}}
{"logTime": "0320/162239", "correlationVector":"WgDEmMXKTSWIXs4lNUgXcJ.2","action":"Commit Response", "result":"SYNCER_OK", "context":Result: SYNCER_OK. cV=WgDEmMXKTSWIXs4lNUgXcJ.0;server=GENERAL0100002O;cloudType=Consumer;environment=Prod_WestEurope_x00e;migrationStage=NotStarted}
{"logTime": "0320/162405", "correlationVector":"1BsKldSZeTLf3tuX8gYAGi","action":"Commit Request", "result":"", "context":Item count: 1
Contributing types: Sessions}
{"logTime": "0320/162406", "correlationVector":"1BsKldSZeTLf3tuX8gYAGi.1","action":"SyncServerConnectionManagerRequest", "result":"SYNC_SERVER_OK", "context":{"environment":"Prod_WestEurope_000l", "migrationStage":"NotStarted", "server":"general0300003J"}}
{"logTime": "0320/162406", "correlationVector":"1BsKldSZeTLf3tuX8gYAGi.2","action":"Commit Response", "result":"SYNCER_OK", "context":Result: SYNCER_OK. cV=1BsKldSZeTLf3tuX8gYAGi.0;server=general0300003J;cloudType=Consumer;environment=Prod_WestEurope_000l;migrationStage=NotStarted}
{"logTime": "0320/162416", "correlationVector":"/f6+5EjmWwBcNoDvLjG62P","action":"Commit Request", "result":"", "context":Item count: 3
Contributing types: Preferences}
{"logTime": "0320/162416", "correlationVector":"/f6+5EjmWwBcNoDvLjG62P.1","action":"SyncServerConnectionManagerRequest", "result":"SYNC_SERVER_OK", "context":{"environment":"Prod_WestEurope_000l", "migrationStage":"NotStarted", "server":"GENERAL01000002"}}
{"logTime": "0320/162416", "correlationVector":"/f6+5EjmWwBcNoDvLjG62P.2","action":"Commit Response", "result":"SYNCER_OK", "context":Result: SYNCER_OK. cV=/f6+5EjmWwBcNoDvLjG62P.0;server=GENERAL01000002;cloudType=Consumer;environment=Prod_WestEurope_000l;migrationStage=NotStarted}
{"logTime": "0320/162529", "correlationVector":"i6NcTZ/D1VZii+ZhZde29j","action":"Commit Request", "result":"", "context":Item count: 3
Contributing types: Sessions}
{"logTime": "0320/162529", "correlationVector":"i6NcTZ/D1VZii+ZhZde29j.1","action":"SyncServerConnectionManagerRequest", "result":"SYNC_SERVER_OK", "context":{"environment":"Prod_WestEurope_000l", "migrationStage":"NotStarted", "server":"GENERAL03000028"}}
{"logTime": "0320/162529", "correlationVector":"i6NcTZ/D1VZii+ZhZde29j.2","action":"Commit Response", "result":"SYNCER_OK", "context":Result: SYNCER_OK. cV=i6NcTZ/D1VZii+ZhZde29j.0;server=GENERAL03000028;cloudType=Consumer;environment=Prod_WestEurope_000l;migrationStage=NotStarted}
{"logTime": "0320/162712", "correlationVector":"t2VgPEhDmUhEDqevLXi4ks","action":"Normal GetUpdate request", "result":"", "context":cV=t2VgPEhDmUhEDqevLXi4ks
Refresh requested types: Bookmarks, Preferences, Passwords, Autofill Profiles, Autofill, Typed URLs, Extensions, Sessions, Extension settings, History Delete Directives, Device Info, User Consents, Send Tab To Self, Web Apps, Collection, Edge E Drop, Edge Hub App Usage, Edge Wallet, Encryption Keys}
{"logTime": "0320/162713", "correlationVector":"t2VgPEhDmUhEDqevLXi4ks.1","action":"SyncServerConnectionManagerRequest", "result":"SYNC_SERVER_OK", "context":{"environment":"Prod_WestEurope_000l", "migrationStage":"NotStarted", "server":"GENERAL03000016"}}
{"logTime": "0320/162713", "correlationVector":"t2VgPEhDmUhEDqevLXi4ks.2","action":"GetUpdates Response", "result":"SYNCER_OK", "context":Received 6 update(s). cV=t2VgPEhDmUhEDqevLXi4ks.0;server=GENERAL03000016;cloudType=Consumer;environment=Prod_WestEurope_000l;migrationStage=NotStarted}
{"logTime": "0320/164309", "correlationVector":"L8GJC7VzprJqWWcEtCFRvT","action":"Commit Request", "result":"", "context":Item count: 2
Contributing types: Sessions}
{"logTime": "0320/164309", "correlationVector":"L8GJC7VzprJqWWcEtCFRvT.1","action":"SyncServerConnectionManagerRequest", "result":"SYNC_SERVER_OK", "context":{"environment":"Prod_WestEurope_000l", "migrationStage":"NotStarted", "server":"GENERAL01000009"}}
{"logTime": "0320/164309", "correlationVector":"L8GJC7VzprJqWWcEtCFRvT.3","action":"Commit.Sessions", "result":"Success", "context":{"id":"159045e0-02bf-4ef7-a92e-733a8351d9cf", "isDeleted":"true", "size":"0", "version":"1710951929979"}}
{"logTime": "0320/164309", "correlationVector":"L8GJC7VzprJqWWcEtCFRvT.2","action":"Commit Response", "result":"SYNCER_OK", "context":Result: SYNCER_OK. cV=L8GJC7VzprJqWWcEtCFRvT.0;server=GENERAL01000009;cloudType=Consumer;environment=Prod_WestEurope_000l;migrationStage=NotStarted}
{"logTime": "0320/164341", "correlationVector":"wCC6tG36tjgqKwrwnyKW8B","action":"Commit Request", "result":"", "context":Item count: 1
Contributing types: Sessions}
{"logTime": "0320/164341", "correlationVector":"wCC6tG36tjgqKwrwnyKW8B.1","action":"SyncServerConnectionManagerRequest", "result":"SYNC_SERVER_OK", "context":{"environment":"Prod_WestEurope_000l", "migrationStage":"NotStarted", "server":"GENERAL0300001Z"}}
{"logTime": "0320/164341", "correlationVector":"wCC6tG36tjgqKwrwnyKW8B.2","action":"Commit Response", "result":"SYNCER_OK", "context":Result: SYNCER_OK. cV=wCC6tG36tjgqKwrwnyKW8B.0;server=GENERAL0300001Z;cloudType=Consumer;environment=Prod_WestEurope_000l;migrationStage=NotStarted}
{"logTime": "0320/164635", "correlationVector":"p1lmygEpIPjz4X7ut+oIK3","action":"Commit Request", "result":"", "context":Item count: 1
Contributing types: Sessions}
{"logTime": "0320/164635", "correlationVector":"p1lmygEpIPjz4X7ut+oIK3.1","action":"SyncServerConnectionManagerRequest", "result":"SYNC_SERVER_OK", "context":{"environment":"Prod_WestEurope_x00e", "migrationStage":"NotStarted", "server":"GENERAL0100000Q"}}
{"logTime": "0320/164635", "correlationVector":"p1lmygEpIPjz4X7ut+oIK3.2","action":"Commit Response", "result":"SYNCER_OK", "context":Result: SYNCER_OK. cV=p1lmygEpIPjz4X7ut+oIK3.0;server=GENERAL0100000Q;cloudType=Consumer;environment=Prod_WestEurope_x00e;migrationStage=NotStarted}
{"logTime": "0320/202830", "correlationVector":"H4ElhRglFD/5bFyvMBMA3q.1","action":"SyncServerConnectionManagerRequest", "result":"SYNC_SERVER_OK", "context":{"environment":"Prod_WestEurope_x00e", "migrationStage":"NotStarted", "server":"GENERAL0200001Z"}}
{"logTime": "0320/202830", "correlationVector":"H4ElhRglFD/5bFyvMBMA3q","action":"Initial GetUpdates", "result":"", "context":Reason: NEW_CLIENT. cV=H4ElhRglFD/5bFyvMBMA3q}
{"logTime": "0320/202830", "correlationVector":"H4ElhRglFD/5bFyvMBMA3q.2","action":"GetUpdates Response", "result":"SYNCER_OK", "context":Received 1 update(s). cV=H4ElhRglFD/5bFyvMBMA3q.0;server=GENERAL0200001Z;cloudType=Consumer;environment=Prod_WestEurope_x00e;migrationStage=NotStarted}
{"logTime": "0320/202830", "correlationVector":"qp9ZAAQptrAlD6rw7q0TKs","action":"Initial GetUpdates", "result":"", "context":Reason: NEWLY_SUPPORTED_DATATYPE. cV=qp9ZAAQptrAlD6rw7q0TKs}
{"logTime": "0320/202830", "correlationVector":"qp9ZAAQptrAlD6rw7q0TKs.1","action":"SyncServerConnectionManagerRequest", "result":"SYNC_SERVER_OK", "context":{"environment":"Prod_WestEurope_x00e", "migrationStage":"NotStarted", "server":"GENERAL0200001T"}}
{"logTime": "0320/202830", "correlationVector":"qp9ZAAQptrAlD6rw7q0TKs.2","action":"GetUpdates", "result":"DeleteReceived", "context":{"id":"8ec3e878-3425-45f8-be87-0d7d2f78cbb0", "isDeleted:":"true", "version":"1708784342680"}}
{"logTime": "0320/202830", "correlationVector":"qp9ZAAQptrAlD6rw7q0TKs.3","action":"GetUpdates Response", "result":"SYNCER_OK", "context":Received 16 update(s). cV=qp9ZAAQptrAlD6rw7q0TKs.0;server=GENERAL0200001T;cloudType=Consumer;environment=Prod_WestEurope_x00e;migrationStage=NotStarted}
{"logTime": "0320/202830", "correlationVector":"t/QFe+y8PiPnq63c8lxNkI","action":"Normal GetUpdate request", "result":"", "context":cV=t/QFe+y8PiPnq63c8lxNkI
Nudged types: Preferences, Sessions
Refresh requested types: Bookmarks, Preferences, Passwords, Autofill Profiles, Autofill, Typed URLs, Extensions, Sessions, Extension settings, History Delete Directives, Device Info, User Consents, Send Tab To Self, Web Apps, Collection, Edge E Drop, Edge Hub App Usage, Edge Wallet, Encryption Keys}
{"logTime": "0320/202830", "correlationVector":"t/QFe+y8PiPnq63c8lxNkI.1","action":"SyncServerConnectionManagerRequest", "result":"SYNC_SERVER_OK", "context":{"environment":"Prod_WestEurope_x00e", "migrationStage":"NotStarted", "server":"general0200001Q"}}
{"logTime": "0320/202830", "correlationVector":"t/QFe+y8PiPnq63c8lxNkI.2","action":"GetUpdates", "result":"DeleteReceived", "context":{"id":"159045e0-02bf-4ef7-a92e-733a8351d9cf", "isDeleted:":"true", "version":"1710952989996"}}
{"logTime": "0320/202830", "correlationVector":"t/QFe+y8PiPnq63c8lxNkI.3","action":"GetUpdates Response", "result":"SYNCER_OK", "context":Received 2 update(s). cV=t/QFe+y8PiPnq63c8lxNkI.0;server=general0200001Q;cloudType=Consumer;environment=Prod_WestEurope_x00e;migrationStage=NotStarted}
{"logTime": "0320/202830", "correlationVector":"Ly/1f5qi2miewfKMof1Gz6","action":"Commit Request", "result":"", "context":Item count: 4
Contributing types: Preferences, Sessions}
{"logTime": "0320/202830", "correlationVector":"Ly/1f5qi2miewfKMof1Gz6.1","action":"SyncServerConnectionManagerRequest", "result":"SYNC_SERVER_OK", "context":{"environment":"Prod_WestEurope_x00e", "migrationStage":"NotStarted", "server":"GENERAL0100001Y"}}
{"logTime": "0320/202830", "correlationVector":"Ly/1f5qi2miewfKMof1Gz6.3","action":"Commit.Sessions", "result":"Success", "context":{"id":"7d1c9380-181e-4ec4-b2c7-5c19bfd3be48", "isDeleted":"true", "size":"0", "version":"1710953195992"}}
{"logTime": "0320/202830", "correlationVector":"Ly/1f5qi2miewfKMof1Gz6.2","action":"Commit Response", "result":"SYNCER_OK", "context":Result: SYNCER_OK. cV=Ly/1f5qi2miewfKMof1Gz6.0;server=GENERAL0100001Y;cloudType=Consumer;environment=Prod_WestEurope_x00e;migrationStage=NotStarted}
{"logTime": "0320/202830", "correlationVector":"vVPBw+Nm2hymbBJd6DKrc4","action":"SyncServerConnectionManagerRequest", "result":"SYNC_SERVER_OK", "context":{"environment":"", "migrationStage":"", "server":""}}
{"logTime": "0320/202830", "correlationVector":"l/ZyxLJ7e6vmOhPu56U8Yj","action":"Normal GetUpdate request", "result":"", "context":cV=l/ZyxLJ7e6vmOhPu56U8Yj
Nudged types: Preferences, Sessions}
{"logTime": "0320/202830", "correlationVector":"l/ZyxLJ7e6vmOhPu56U8Yj.1","action":"SyncServerConnectionManagerRequest", "result":"SYNC_SERVER_OK", "context":{"environment":"Prod_WestEurope_x00e", "migrationStage":"NotStarted", "server":"GENERAL0100000B"}}
{"logTime": "0320/202830", "correlationVector":"l/ZyxLJ7e6vmOhPu56U8Yj.2","action":"GetUpdates", "result":"DeleteReceived", "context":{"id":"7d1c9380-181e-4ec4-b2c7-5c19bfd3be48", "isDeleted:":"true", "version":"1710966452353"}}
{"logTime": "0320/202830", "correlationVector":"l/ZyxLJ7e6vmOhPu56U8Yj.3","action":"GetUpdates Response", "result":"SYNCER_OK", "context":Received 4 update(s). cV=l/ZyxLJ7e6vmOhPu56U8Yj.0;server=GENERAL0100000B;cloudType=Consumer;environment=Prod_WestEurope_x00e;migrationStage=NotStarted}
{"logTime": "0320/202830", "correlationVector":"DDGcD65fcv0TcKVns36ggE","action":"Normal GetUpdate request", "result":"", "context":cV=DDGcD65fcv0TcKVns36ggE
Refresh requested types: Bookmarks, Preferences, Passwords, Autofill Profiles, Autofill, Typed URLs, Extensions, Sessions, Extension settings, History Delete Directives, Device Info, User Consents, Send Tab To Self, Web Apps, Collection, Edge E Drop, Edge Hub App Usage, Edge Wallet, Encryption Keys}
{"logTime": "0320/202830", "correlationVector":"DDGcD65fcv0TcKVns36ggE.1","action":"SyncServerConnectionManagerRequest", "result":"SYNC_SERVER_OK", "context":{"environment":"Prod_WestEurope_x00e", "migrationStage":"NotStarted", "server":"GENERAL02000005"}}
{"logTime": "0320/202830", "correlationVector":"DDGcD65fcv0TcKVns36ggE.2","action":"GetUpdates Response", "result":"SYNCER_OK", "context":Received 0 update(s). cV=DDGcD65fcv0TcKVns36ggE.0;server=GENERAL02000005;cloudType=Consumer;environment=Prod_WestEurope_x00e;migrationStage=NotStarted}
{"logTime": "0320/202830", "correlationVector":"Wu4dpuozwOJ427cP5fShTl","action":"Commit Request", "result":"", "context":Item count: 1
Contributing types: Sessions}
{"logTime": "0320/202830", "correlationVector":"Wu4dpuozwOJ427cP5fShTl.1","action":"SyncServerConnectionManagerRequest", "result":"SYNC_SERVER_OK", "context":{"environment":"Prod_WestEurope_x00e", "migrationStage":"NotStarted", "server":"GENERAL01000010"}}
{"logTime": "0320/202830", "correlationVector":"Wu4dpuozwOJ427cP5fShTl.2","action":"Commit Response", "result":"SYNCER_OK", "context":Result: SYNCER_OK. cV=Wu4dpuozwOJ427cP5fShTl.0;server=GENERAL01000010;cloudType=Consumer;environment=Prod_WestEurope_x00e;migrationStage=NotStarted}
{"logTime": "0320/202841", "correlationVector":"1Cow7RsKzSrOe4d6R5hrSp","action":"Commit Request", "result":"", "context":Item count: 1
Contributing types: Preferences}
{"logTime": "0320/202841", "correlationVector":"1Cow7RsKzSrOe4d6R5hrSp.1","action":"SyncServerConnectionManagerRequest", "result":"SYNC_SERVER_OK", "context":{"environment":"Prod_WestEurope_x00e", "migrationStage":"NotStarted", "server":"GENERAL0200000P"}}
{"logTime": "0320/202841", "correlationVector":"1Cow7RsKzSrOe4d6R5hrSp.2","action":"Commit Response", "result":"SYNCER_OK", "context":Result: SYNCER_OK. cV=1Cow7RsKzSrOe4d6R5hrSp.0;server=GENERAL0200000P;cloudType=Consumer;environment=Prod_WestEurope_x00e;migrationStage=NotStarted}
{"logTime": "0320/202924", "correlationVector":"fgpYCmRrxGFbf2kaDDJFsd","action":"Commit Request", "result":"", "context":Item count: 1
Contributing types: Sessions}
{"logTime": "0320/202925", "correlationVector":"fgpYCmRrxGFbf2kaDDJFsd.1","action":"SyncServerConnectionManagerRequest", "result":"SYNC_SERVER_OK", "context":{"environment":"Prod_WestEurope_000l", "migrationStage":"NotStarted", "server":"GENERAL03000012"}}
{"logTime": "0320/202925", "correlationVector":"fgpYCmRrxGFbf2kaDDJFsd.2","action":"Commit Response", "result":"SYNCER_OK", "context":Result: SYNCER_OK. cV=fgpYCmRrxGFbf2kaDDJFsd.0;server=GENERAL03000012;cloudType=Consumer;environment=Prod_WestEurope_000l;migrationStage=NotStarted}
{"logTime": "0320/203227", "correlationVector":"GMmdFDOJbKxjnxD7M4fGXr","action":"Commit Request", "result":"", "context":Item count: 2
Contributing types: Sessions}
{"logTime": "0320/203227", "correlationVector":"GMmdFDOJbKxjnxD7M4fGXr.1","action":"SyncServerConnectionManagerRequest", "result":"SYNC_SERVER_OK", "context":{"environment":"Prod_WestEurope_x00e", "migrationStage":"NotStarted", "server":"GENERAL0100000K"}}
{"logTime": "0320/203227", "correlationVector":"GMmdFDOJbKxjnxD7M4fGXr.2","action":"Commit Response", "result":"SYNCER_OK", "context":Result: SYNCER_OK. cV=GMmdFDOJbKxjnxD7M4fGXr.0;server=GENERAL0100000K;cloudType=Consumer;environment=Prod_WestEurope_x00e;migrationStage=NotStarted}
{"logTime": "0320/203231", "correlationVector":"kgLMOYENdoA3PK8wWNhNHf","action":"Normal GetUpdate request", "result":"", "context":cV=kgLMOYENdoA3PK8wWNhNHf
Nudged types: Preferences
Refresh requested types: Bookmarks, Preferences, Passwords, Autofill Profiles, Autofill, Typed URLs, Extensions, Sessions, Extension settings, History Delete Directives, Device Info, User Consents, Send Tab To Self, Web Apps, Collection, Edge E Drop, Edge Hub App Usage, Edge Wallet, Encryption Keys}
{"logTime": "0320/203231", "correlationVector":"kgLMOYENdoA3PK8wWNhNHf.1","action":"SyncServerConnectionManagerRequest", "result":"SYNC_SERVER_OK", "context":{"environment":"Prod_WestEurope_x00e", "migrationStage":"NotStarted", "server":"GENERAL02000023"}}
{"logTime": "0320/203231", "correlationVector":"kgLMOYENdoA3PK8wWNhNHf.2","action":"GetUpdates Response", "result":"SYNCER_OK", "context":Received 4 update(s). cV=kgLMOYENdoA3PK8wWNhNHf.0;server=GENERAL02000023;cloudType=Consumer;environment=Prod_WestEurope_x00e;migrationStage=NotStarted}
{"logTime": "0320/203231", "correlationVector":"ypVTGAMwpAQctDfGbivoPB","action":"Commit Request", "result":"", "context":Item count: 1
Contributing types: Preferences}
{"logTime": "0320/203231", "correlationVector":"ypVTGAMwpAQctDfGbivoPB.1","action":"SyncServerConnectionManagerRequest", "result":"SYNC_SERVER_OK", "context":{"environment":"Prod_WestEurope_x00e", "migrationStage":"NotStarted", "server":"GENERAL02000024"}}
{"logTime": "0320/203231", "correlationVector":"ypVTGAMwpAQctDfGbivoPB.2","action":"Commit Response", "result":"SYNCER_OK", "context":Result: SYNCER_OK. cV=ypVTGAMwpAQctDfGbivoPB.0;server=GENERAL02000024;cloudType=Consumer;environment=Prod_WestEurope_x00e;migrationStage=NotStarted}
{"logTime": "0320/204220", "correlationVector":"6ehrphEukcmGxXN85T0Fkj","action":"Commit Request", "result":"", "context":Item count: 1
Contributing types: Sessions}
{"logTime": "0320/204220", "correlationVector":"6ehrphEukcmGxXN85T0Fkj.1","action":"SyncServerConnectionManagerRequest", "result":"SYNC_SERVER_OK", "context":{"environment":"Prod_WestEurope_000l", "migrationStage":"NotStarted", "server":"GENERAL0300002M"}}
{"logTime": "0320/204220", "correlationVector":"6ehrphEukcmGxXN85T0Fkj.2","action":"Commit Response", "result":"SYNCER_OK", "context":Result: SYNCER_OK. cV=6ehrphEukcmGxXN85T0Fkj.0;server=GENERAL0300002M;cloudType=Consumer;environment=Prod_WestEurope_000l;migrationStage=NotStarted}
{"logTime": "0320/204811", "correlationVector":"a5+rElgqq+l7RbBrQ9DBj8","action":"Commit Request", "result":"", "context":Item count: 1
Contributing types: Sessions}
{"logTime": "0320/204811", "correlationVector":"a5+rElgqq+l7RbBrQ9DBj8.1","action":"SyncServerConnectionManagerRequest", "result":"SYNC_SERVER_OK", "context":{"environment":"Prod_WestEurope_x00e", "migrationStage":"NotStarted", "server":"GENERAL02000000"}}
{"logTime": "0320/204811", "correlationVector":"a5+rElgqq+l7RbBrQ9DBj8.2","action":"Commit Response", "result":"SYNCER_OK", "context":Result: SYNCER_OK. cV=a5+rElgqq+l7RbBrQ9DBj8.0;server=GENERAL02000000;cloudType=Consumer;environment=Prod_WestEurope_x00e;migrationStage=NotStarted}
